2024-09-16T17:04:41.992Z [[32minfo[39m]: Attempting to register user: lsofa1204@gmail.com
2024-09-16T17:04:42.142Z [[32minfo[39m]: Password hashed for user: lsofa1204@gmail.com
2024-09-16T17:04:42.153Z [[32minfo[39m]: User registered successfully: lsofa1204@gmail.com
2024-09-16T17:07:35.633Z [[32minfo[39m]: Attempting to register user: lsofa1204@gmail.com
2024-09-16T17:07:35.690Z [[32minfo[39m]: Password hashed for user: lsofa1204@gmail.com
2024-09-16T17:07:35.694Z [[32minfo[39m]: User registered successfully: lsofa1204@gmail.com
2024-09-16T17:08:51.723Z [[32minfo[39m]: Attempting login for user: lsofa1204@gmail.com
2024-09-16T17:09:32.657Z [[32minfo[39m]: Attempting login for user: lsofa1204@gmail.com
2024-09-16T17:09:32.719Z [[32minfo[39m]: Login successful for user: lsofa1204@gmail.com
2024-09-16T17:11:16.352Z [[32minfo[39m]: Attempting login for user: lsofa1204@gmail.com
2024-09-16T17:11:16.449Z [[32minfo[39m]: Login successful for user: lsofa1204@gmail.com
2024-09-16T17:12:08.557Z [[32minfo[39m]: Attempting login for user: lsofa1204@gmail.com
2024-09-16T17:12:08.630Z [[32minfo[39m]: Login successful for user: lsofa1204@gmail.com
2024-09-16T17:12:29.465Z [[32minfo[39m]: Attempting login for user: lsofa12045@gmail.com
2024-09-16T17:12:29.467Z [[33mwarn[39m]: Login failed for user: lsofa12045@gmail.com - Invalid credentials
2024-09-16T17:12:42.049Z [[32minfo[39m]: Attempting login for user: lsofa12045@gmail.com
2024-09-16T17:12:42.051Z [[33mwarn[39m]: Login failed for user: lsofa12045@gmail.com - Invalid credentials
2024-09-16T17:13:02.563Z [[32minfo[39m]: Attempting login for user: lsofa1204@gmail.com
2024-09-16T17:13:02.622Z [[33mwarn[39m]: Login failed for user: lsofa1204@gmail.com - Invalid credentials
2024-09-16T17:13:08.195Z [[32minfo[39m]: Attempting login for user: lsofa1204@gmail.com
2024-09-16T17:13:08.251Z [[32minfo[39m]: Login successful for user: lsofa1204@gmail.com
2024-09-16T17:13:58.348Z [[32minfo[39m]: Attempting login for user: lsofa1204@gmail.com
2024-09-16T17:13:58.405Z [[32minfo[39m]: Login successful for user: lsofa1204@gmail.com
2024-09-18T10:58:02.188Z [[32minfo[39m]: Ping request received
2024-09-18T13:17:15.388Z [[32minfo[39m]: Ping request received
2024-09-18T13:26:17.544Z [[33mwarn[39m]: Access denied: No token provided
2024-09-18T13:31:28.943Z [[33mwarn[39m]: Access denied: Invalid token
2024-09-18T13:32:17.486Z [[32minfo[39m]: Attempting login for user: lsofa1204@gmail.com
2024-09-18T13:32:17.656Z [[32minfo[39m]: Login successful for user: lsofa1204@gmail.com
2024-09-18T13:32:50.953Z [[32minfo[39m]: User authenticated: undefined
2024-09-18T13:33:39.115Z [[32minfo[39m]: User authenticated: [object Object]
2024-09-18T13:33:57.796Z [[32minfo[39m]: User authenticated: [object Object]
2024-09-18T13:38:13.846Z [[32minfo[39m]: Attempting login for user: lsofa1204@gmail.com
2024-09-18T13:38:13.929Z [[32minfo[39m]: Login successful for user: lsofa1204@gmail.com
2024-09-18T13:38:40.301Z [[32minfo[39m]: Attempting login for user: lsofa1204@gmail.com
2024-09-18T13:38:40.369Z [[32minfo[39m]: Login successful for user: lsofa1204@gmail.com
2024-09-18T13:39:02.338Z [[32minfo[39m]: Attempting login for user: lsofa1204@gmail.com
2024-09-18T13:39:02.406Z [[32minfo[39m]: Login successful for user: lsofa1204@gmail.com
2024-09-18T13:39:18.267Z [[32minfo[39m]: Attempting login for user: lsofa1204@gmail.com
2024-09-18T13:39:18.338Z [[32minfo[39m]: Login successful for user: lsofa1204@gmail.com
2024-09-18T13:39:51.301Z [[32minfo[39m]: User authenticated: lsofa1204@gmail.com, undefined
2024-09-18T13:40:37.325Z [[32minfo[39m]: User authenticated: lsofa1204@gmail.com, 1
2024-09-18T13:51:13.852Z [[32minfo[39m]: User authenticated: lsofa1204@gmail.com, 1
2024-09-18T13:51:53.007Z [[32minfo[39m]: User authenticated: lsofa1204@gmail.com, 1
2024-09-18T13:51:53.026Z [[31merror[39m]: Error upload BLock Error: You have an error in your SQL syntax; check the manual that corresponds to your MySQL server version for the right syntax to use near '?)' at line 1
2024-09-18T13:52:27.549Z [[32minfo[39m]: User authenticated: lsofa1204@gmail.com, 1
2024-09-18T13:52:27.559Z [[31merror[39m]: Error upload BLock Error: Table 'videoservisepet.videos' doesn't exist
2024-09-18T13:52:41.712Z [[32minfo[39m]: User authenticated: lsofa1204@gmail.com, 1
2024-09-18T13:52:41.722Z [[31merror[39m]: Error upload BLock Error: Unknown column 'Preview' in 'field list'
2024-09-18T13:54:52.002Z [[32minfo[39m]: User authenticated: lsofa1204@gmail.com, 1
